<?xml version="1.0" encoding="UTF-8"?>
<!-- Generated by org.testng.reporters.JUnitReportReporter -->
<testsuite skipped="0" hostname="DESKTOP-27L8JE7" name="com.project.December2020MavenBuild.CheckBox1" tests="1" failures="0" timestamp="25 Dec 2020 01:54:28 GMT" time="25.402" errors="0">
  <testcase name="checkboxTest" time="25.402" classname="com.project.December2020MavenBuild.CheckBox1"/>
</testsuite> <!-- com.project.December2020MavenBuild.CheckBox1 -->
