<?xml version="1.0" encoding="UTF-8"?>
<!-- Generated by org.testng.reporters.JUnitReportReporter -->
<testsuite skipped="2" hostname="DESKTOP-27L8JE7" name="com.project.December2020MavenBuild.TestDependencies" tests="4" failures="0" timestamp="25 Dec 2020 02:18:39 GMT" time="0.028" errors="0">
  <testcase name="orange" time="0.018" classname="com.project.December2020MavenBuild.TestDependencies"/>
  <testcase name="white" time="0.003" classname="com.project.December2020MavenBuild.TestDependencies"/>
  <testcase name="blue" time="0.007" classname="com.project.December2020MavenBuild.TestDependencies">
    <skipped/>
  </testcase> <!-- blue -->
  <testcase name="green" time="0.000" classname="com.project.December2020MavenBuild.TestDependencies">
    <skipped/>
  </testcase> <!-- green -->
</testsuite> <!-- com.project.December2020MavenBuild.TestDependencies -->
