<?xml version="1.0" encoding="UTF-8"?>
<!-- Generated by org.testng.reporters.JUnitReportReporter -->
<testsuite skipped="0" hostname="DESKTOP-27L8JE7" name="com.project.December2020MavenBuild.TNG_002" tests="1" failures="0" timestamp="06 Feb 2021 00:49:35 GMT" time="57.293" errors="0">
  <testcase name="amazon" time="57.293" classname="com.project.December2020MavenBuild.TNG_002"/>
</testsuite> <!-- com.project.December2020MavenBuild.TNG_002 -->
