<?xml version="1.0" encoding="UTF-8"?>
<!-- Generated by org.testng.reporters.JUnitReportReporter -->
<testsuite skipped="0" hostname="DESKTOP-27L8JE7" name="switches.FileUpload" tests="1" failures="0" timestamp="25 Jan 2021 02:24:01 GMT" time="18.928" errors="0">
  <testcase name="fileupload" time="18.928" classname="switches.FileUpload"/>
</testsuite> <!-- switches.FileUpload -->
