<?xml version="1.0" encoding="UTF-8"?>
<!-- Generated by org.testng.reporters.JUnitReportReporter -->
<testsuite skipped="1" hostname="DESKTOP-27L8JE7" name="pageobjectmodel.POM_001" tests="2" failures="0" timestamp="21 Jan 2021 02:20:09 GMT" time="47.763" errors="0">
  <testcase name="registration" time="47.763" classname="pageobjectmodel.POM_001"/>
  <testcase name="login" classname="pageobjectmodel.POM_001">
    <skipped/>
  </testcase> <!-- login -->
</testsuite> <!-- pageobjectmodel.POM_001 -->
