<?xml version="1.0" encoding="UTF-8"?>
<!-- Generated by org.testng.reporters.JUnitReportReporter -->
<testsuite skipped="1" hostname="DESKTOP-27L8JE7" name="com.project.December2020MavenBuild.TNG_001" tests="3" failures="0" timestamp="24 Dec 2020 01:44:45 GMT" time="0.019" errors="0">
  <testcase name="f" time="0.013" classname="com.project.December2020MavenBuild.TNG_001"/>
  <testcase name="z" time="0.006" classname="com.project.December2020MavenBuild.TNG_001"/>
  <testcase name="a" classname="com.project.December2020MavenBuild.TNG_001">
    <skipped/>
  </testcase> <!-- a -->
</testsuite> <!-- com.project.December2020MavenBuild.TNG_001 -->
