<?xml version="1.0" encoding="UTF-8"?>
<!-- Generated by org.testng.reporters.JUnitReportReporter -->
<testsuite skipped="0" hostname="DESKTOP-27L8JE7" name="com.project.December2020MavenBuild.NewTest" tests="1" failures="0" timestamp="23 Dec 2020 02:22:17 GMT" time="0.011" errors="0">
  <testcase name="f" time="0.011" classname="com.project.December2020MavenBuild.NewTest"/>
</testsuite> <!-- com.project.December2020MavenBuild.NewTest -->
