<?xml version="1.0" encoding="UTF-8"?>
<!-- Generated by org.testng.reporters.JUnitReportReporter -->
<testsuite skipped="0" hostname="DESKTOP-27L8JE7" name="suiteB.TestB3" tests="1" failures="0" timestamp="29 Dec 2020 02:06:41 GMT" time="2.010" errors="0">
  <testcase name="f" time="2.010" classname="suiteB.TestB3"/>
</testsuite> <!-- suiteB.TestB3 -->
