<?xml version="1.0" encoding="UTF-8"?>
<!-- Generated by org.testng.reporters.JUnitReportReporter -->
<testsuite skipped="0" hostname="DESKTOP-27L8JE7" name="switches.AlertHandling" tests="1" failures="0" timestamp="25 Jan 2021 02:00:54 GMT" time="15.749" errors="0">
  <testcase name="f" time="15.749" classname="switches.AlertHandling"/>
</testsuite> <!-- switches.AlertHandling -->
