<?xml version="1.0" encoding="UTF-8"?>
<!-- Generated by org.testng.reporters.JUnitReportReporter -->
<testsuite skipped="0" hostname="DESKTOP-27L8JE7" name="dataDriven.DataReadingByHashTable" tests="2" failures="0" timestamp="08 Jan 2021 02:20:21 GMT" time="0.041" errors="0">
  <testcase name="f" time="0.034" classname="dataDriven.DataReadingByHashTable"/>
  <testcase name="f" time="0.007" classname="dataDriven.DataReadingByHashTable"/>
</testsuite> <!-- dataDriven.DataReadingByHashTable -->
