<?xml version="1.0" encoding="UTF-8"?>
<!-- Generated by org.testng.reporters.JUnitReportReporter -->
<testsuite skipped="0" hostname="DESKTOP-27L8JE7" name="dataDriven.DataProviderTestDemo" tests="2" failures="0" timestamp="08 Jan 2021 01:47:42 GMT" time="0.034" errors="0">
  <testcase name="f" time="0.025" classname="dataDriven.DataProviderTestDemo"/>
  <testcase name="f" time="0.009" classname="dataDriven.DataProviderTestDemo"/>
</testsuite> <!-- dataDriven.DataProviderTestDemo -->
